<?xml version="1.0" encoding="UTF-8"?>
<coverage generated="1753031158538" clover="3.2.0">
  <project timestamp="1753031158538" name="All files">
    <metrics statements="199" coveredstatements="164" conditionals="135" coveredconditionals="98" methods="49" coveredmethods="40" elements="383" coveredelements="302" complexity="0" loc="199" ncloc="199" packages="4" files="7" classes="7"/>
    <package name="src">
      <metrics statements="35" coveredstatements="30" conditionals="12" coveredconditionals="11" methods="10" coveredmethods="8"/>
      <file name="ExpoOAuthAdapter.ts" path="/home/iampersistent/code/zestic/oauth-expo/src/ExpoOAuthAdapter.ts">
        <metrics statements="35" coveredstatements="30" conditionals="12" coveredconditionals="11" methods="10" coveredmethods="8"/>
        <line num="27" count="34" type="stmt"/>
        <line num="28" count="34" type="stmt"/>
        <line num="29" count="34" type="stmt"/>
        <line num="31" count="34" type="stmt"/>
        <line num="39" count="34" type="cond" truecount="2" falsecount="0"/>
        <line num="40" count="34" type="stmt"/>
        <line num="48" count="5" type="stmt"/>
        <line num="50" count="5" type="stmt"/>
        <line num="51" count="11" type="cond" truecount="4" falsecount="0"/>
        <line num="52" count="10" type="stmt"/>
        <line num="56" count="5" type="stmt"/>
        <line num="66" count="5" type="stmt"/>
        <line num="74" count="6" type="stmt"/>
        <line num="75" count="5" type="stmt"/>
        <line num="77" count="4" type="stmt"/>
        <line num="89" count="8" type="stmt"/>
        <line num="90" count="8" type="stmt"/>
        <line num="91" count="8" type="cond" truecount="2" falsecount="0"/>
        <line num="92" count="3" type="stmt"/>
        <line num="95" count="5" type="stmt"/>
        <line num="96" count="5" type="stmt"/>
        <line num="98" count="0" type="stmt"/>
        <line num="106" count="4" type="stmt"/>
        <line num="107" count="4" type="stmt"/>
        <line num="109" count="4" type="cond" truecount="1" falsecount="1"/>
        <line num="110" count="0" type="stmt"/>
        <line num="113" count="4" type="stmt"/>
        <line num="115" count="4" type="cond" truecount="2" falsecount="0"/>
        <line num="117" count="2" type="stmt"/>
        <line num="118" count="2" type="stmt"/>
        <line num="121" count="2" type="stmt"/>
        <line num="123" count="0" type="stmt"/>
        <line num="131" count="0" type="stmt"/>
        <line num="138" count="5" type="stmt"/>
        <line num="145" count="0" type="stmt"/>
      </file>
    </package>
    <package name="src.adapters">
      <metrics statements="66" coveredstatements="65" conditionals="26" coveredconditionals="24" methods="17" coveredmethods="17"/>
      <file name="ExpoHttpAdapter.ts" path="/home/iampersistent/code/zestic/oauth-expo/src/adapters/ExpoHttpAdapter.ts">
        <metrics statements="24" coveredstatements="24" conditionals="12" coveredconditionals="12" methods="5" coveredmethods="5"/>
        <line num="13" count="9" type="stmt"/>
        <line num="20" count="4" type="stmt"/>
        <line num="29" count="13" type="stmt"/>
        <line num="30" count="13" type="stmt"/>
        <line num="35" count="13" type="stmt"/>
        <line num="40" count="13" type="stmt"/>
        <line num="45" count="13" type="cond" truecount="4" falsecount="0"/>
        <line num="46" count="9" type="cond" truecount="2" falsecount="0"/>
        <line num="50" count="3" type="stmt"/>
        <line num="51" count="3" type="stmt"/>
        <line num="52" count="11" type="cond" truecount="4" falsecount="0"/>
        <line num="53" count="9" type="stmt"/>
        <line num="56" count="3" type="stmt"/>
        <line num="58" count="6" type="stmt"/>
        <line num="62" count="13" type="stmt"/>
        <line num="64" count="10" type="stmt"/>
        <line num="65" count="10" type="stmt"/>
        <line num="66" count="10" type="stmt"/>
        <line num="70" count="10" type="stmt"/>
        <line num="72" count="10" type="cond" truecount="2" falsecount="0"/>
        <line num="73" count="9" type="stmt"/>
        <line num="75" count="1" type="stmt"/>
        <line num="78" count="10" type="stmt"/>
        <line num="84" count="3" type="stmt"/>
      </file>
      <file name="ExpoPKCEAdapter.ts" path="/home/iampersistent/code/zestic/oauth-expo/src/adapters/ExpoPKCEAdapter.ts">
        <metrics statements="11" coveredstatements="11" conditionals="0" coveredconditionals="0" methods="4" coveredmethods="4"/>
        <line num="13" count="17" type="stmt"/>
        <line num="14" count="17" type="stmt"/>
        <line num="16" count="15" type="stmt"/>
        <line num="27" count="9" type="stmt"/>
        <line num="35" count="17" type="stmt"/>
        <line num="36" count="17" type="stmt"/>
        <line num="37" count="17" type="stmt"/>
        <line num="38" count="2176" type="stmt"/>
        <line num="40" count="17" type="stmt"/>
        <line num="47" count="17" type="stmt"/>
        <line num="53" count="15" type="stmt"/>
      </file>
      <file name="ExpoStorageAdapter.ts" path="/home/iampersistent/code/zestic/oauth-expo/src/adapters/ExpoStorageAdapter.ts">
        <metrics statements="31" coveredstatements="30" conditionals="14" coveredconditionals="12" methods="8" coveredmethods="8"/>
        <line num="10" count="58" type="stmt"/>
        <line num="11" count="58" type="stmt"/>
        <line num="13" count="2" type="stmt"/>
        <line num="18" count="44" type="stmt"/>
        <line num="19" count="44" type="stmt"/>
        <line num="21" count="1" type="stmt"/>
        <line num="26" count="2" type="stmt"/>
        <line num="27" count="2" type="stmt"/>
        <line num="29" count="1" type="stmt"/>
        <line num="34" count="20" type="stmt"/>
        <line num="35" count="20" type="stmt"/>
        <line num="37" count="1" type="stmt"/>
        <line num="49" count="16" type="stmt"/>
        <line num="61" count="16" type="stmt"/>
        <line num="73" count="8" type="stmt"/>
        <line num="75" count="8" type="cond" truecount="2" falsecount="0"/>
        <line num="76" count="4" type="stmt"/>
        <line num="79" count="8" type="cond" truecount="2" falsecount="0"/>
        <line num="80" count="5" type="stmt"/>
        <line num="81" count="5" type="stmt"/>
        <line num="85" count="8" type="stmt"/>
        <line num="99" count="5" type="stmt"/>
        <line num="106" count="5" type="cond" truecount="2" falsecount="0"/>
        <line num="108" count="5" type="stmt"/>
        <line num="121" count="4" type="cond" truecount="2" falsecount="2"/>
        <line num="122" count="0" type="stmt"/>
        <line num="126" count="4" type="stmt"/>
        <line num="127" count="4" type="cond" truecount="2" falsecount="0"/>
        <line num="128" count="1" type="stmt"/>
        <line num="131" count="3" type="stmt"/>
        <line num="132" count="3" type="stmt"/>
      </file>
    </package>
    <package name="src.components">
      <metrics statements="42" coveredstatements="34" conditionals="63" coveredconditionals="49" methods="9" coveredmethods="7"/>
      <file name="OAuthCallbackScreen.tsx" path="/home/iampersistent/code/zestic/oauth-expo/src/components/OAuthCallbackScreen.tsx">
        <metrics statements="42" coveredstatements="34" conditionals="63" coveredconditionals="49" methods="9" coveredmethods="7"/>
        <line num="95" count="16" type="stmt"/>
        <line num="97" count="16" type="stmt"/>
        <line num="104" count="16" type="stmt"/>
        <line num="105" count="16" type="cond" truecount="5" falsecount="0"/>
        <line num="106" count="3" type="stmt"/>
        <line num="110" count="3" type="stmt"/>
        <line num="112" count="13" type="stmt"/>
        <line num="115" count="16" type="stmt"/>
        <line num="116" count="1" type="cond" truecount="1" falsecount="1"/>
        <line num="117" count="0" type="stmt"/>
        <line num="119" count="1" type="stmt"/>
        <line num="123" count="16" type="stmt"/>
        <line num="124" count="16" type="cond" truecount="3" falsecount="1"/>
        <line num="126" count="5" type="stmt"/>
        <line num="130" count="4" type="cond" truecount="2" falsecount="1"/>
        <line num="132" count="7" type="cond" truecount="2" falsecount="0"/>
        <line num="134" count="0" type="stmt"/>
        <line num="138" count="16" type="stmt"/>
        <line num="139" count="16" type="cond" truecount="2" falsecount="0"/>
        <line num="140" count="16" type="stmt"/>
        <line num="141" count="16" type="stmt"/>
        <line num="143" count="16" type="cond" truecount="3" falsecount="1"/>
        <line num="145" count="5" type="stmt"/>
        <line num="149" count="4" type="cond" truecount="1" falsecount="1"/>
        <line num="163" count="7" type="cond" truecount="1" falsecount="1"/>
        <line num="177" count="0" type="stmt"/>
        <line num="181" count="16" type="cond" truecount="2" falsecount="0"/>
        <line num="182" count="16" type="cond" truecount="2" falsecount="0"/>
        <line num="183" count="16" type="cond" truecount="2" falsecount="0"/>
        <line num="184" count="16" type="cond" truecount="2" falsecount="0"/>
        <line num="186" count="16" type="stmt"/>
        <line num="243" count="0" type="cond" truecount="0" falsecount="2"/>
        <line num="245" count="0" type="stmt"/>
        <line num="253" count="2" type="stmt"/>
        <line num="270" count="2" type="stmt"/>
        <line num="455" count="16" type="cond" truecount="2" falsecount="0"/>
        <line num="458" count="16" type="stmt"/>
        <line num="494" count="16" type="cond" truecount="2" falsecount="3"/>
        <line num="496" count="0" type="stmt"/>
        <line num="519" count="0" type="stmt"/>
        <line num="549" count="0" type="stmt"/>
        <line num="578" count="16" type="stmt"/>
      </file>
    </package>
    <package name="src.hooks">
      <metrics statements="56" coveredstatements="35" conditionals="34" coveredconditionals="14" methods="13" coveredmethods="8"/>
      <file name="useOAuthCallback.ts" path="/home/iampersistent/code/zestic/oauth-expo/src/hooks/useOAuthCallback.ts">
        <metrics statements="23" coveredstatements="23" conditionals="10" coveredconditionals="6" methods="4" coveredmethods="4"/>
        <line num="24" count="21" type="stmt"/>
        <line num="25" count="21" type="stmt"/>
        <line num="27" count="21" type="stmt"/>
        <line num="28" count="10" type="stmt"/>
        <line num="29" count="10" type="stmt"/>
        <line num="30" count="10" type="stmt"/>
        <line num="33" count="10" type="stmt"/>
        <line num="36" count="10" type="stmt"/>
        <line num="38" count="7" type="cond" truecount="2" falsecount="0"/>
        <line num="39" count="4" type="stmt"/>
        <line num="40" count="4" type="stmt"/>
        <line num="41" count="4" type="stmt"/>
        <line num="43" count="3" type="cond" truecount="1" falsecount="1"/>
        <line num="46" count="6" type="stmt"/>
        <line num="48" count="6" type="cond" truecount="1" falsecount="1"/>
        <line num="49" count="6" type="stmt"/>
        <line num="50" count="6" type="stmt"/>
        <line num="56" count="21" type="stmt"/>
        <line num="57" count="1" type="stmt"/>
        <line num="61" count="21" type="stmt"/>
        <line num="62" count="10" type="cond" truecount="2" falsecount="0"/>
        <line num="63" count="9" type="stmt"/>
        <line num="67" count="21" type="stmt"/>
      </file>
      <file name="useOAuthConfig.ts" path="/home/iampersistent/code/zestic/oauth-expo/src/hooks/useOAuthConfig.ts">
        <metrics statements="33" coveredstatements="12" conditionals="24" coveredconditionals="8" methods="9" coveredmethods="4"/>
        <line num="49" count="11" type="stmt"/>
        <line num="50" count="11" type="stmt"/>
        <line num="73" count="11" type="stmt"/>
        <line num="74" count="11" type="stmt"/>
        <line num="75" count="6" type="stmt"/>
        <line num="76" count="6" type="stmt"/>
        <line num="79" count="6" type="stmt"/>
        <line num="80" count="5" type="stmt"/>
        <line num="83" count="4" type="stmt"/>
        <line num="94" count="4" type="stmt"/>
        <line num="96" count="4" type="stmt"/>
        <line num="110" count="11" type="stmt"/>
        <line num="126" count="0" type="stmt"/>
        <line num="128" count="0" type="stmt"/>
        <line num="129" count="0" type="stmt"/>
        <line num="131" count="0" type="cond" truecount="0" falsecount="4"/>
        <line num="132" count="0" type="stmt"/>
        <line num="135" count="0" type="stmt"/>
        <line num="139" count="0" type="stmt"/>
        <line num="145" count="0" type="stmt"/>
        <line num="151" count="0" type="stmt"/>
        <line num="161" count="0" type="stmt"/>
        <line num="172" count="0" type="stmt"/>
        <line num="173" count="0" type="cond" truecount="0" falsecount="2"/>
        <line num="174" count="0" type="stmt"/>
        <line num="177" count="0" type="stmt"/>
        <line num="182" count="0" type="stmt"/>
        <line num="183" count="0" type="stmt"/>
        <line num="186" count="0" type="stmt"/>
        <line num="187" count="0" type="stmt"/>
        <line num="190" count="0" type="stmt"/>
        <line num="201" count="0" type="stmt"/>
        <line num="203" count="0" type="stmt"/>
      </file>
    </package>
  </project>
</coverage>
