{"/home/iampersistent/code/zestic/oauth-expo/src/ExpoOAuthAdapter.ts": {"path":"/home/iampersistent/code/zestic/oauth-expo/src/ExpoOAuthAdapter.ts","statementMap":{"0":{"start":{"line":27,"column":4},"end":{"line":27,"column":51}},"1":{"start":{"line":28,"column":4},"end":{"line":28,"column":45}},"2":{"start":{"line":29,"column":4},"end":{"line":29,"column":45}},"3":{"start":{"line":31,"column":36},"end":{"line":35,"column":5}},"4":{"start":{"line":39,"column":18},"end":{"line":39,"column":65}},"5":{"start":{"line":40,"column":4},"end":{"line":40,"column":60}},"6":{"start":{"line":48,"column":22},"end":{"line":48,"column":43}},"7":{"start":{"line":50,"column":4},"end":{"line":54,"column":7}},"8":{"start":{"line":51,"column":6},"end":{"line":53,"column":7}},"9":{"start":{"line":52,"column":8},"end":{"line":52,"column":42}},"10":{"start":{"line":56,"column":4},"end":{"line":56,"column":52}},"11":{"start":{"line":66,"column":4},"end":{"line":66,"column":69}},"12":{"start":{"line":74,"column":22},"end":{"line":74,"column":66}},"13":{"start":{"line":75,"column":18},"end":{"line":75,"column":54}},"14":{"start":{"line":77,"column":4},"end":{"line":82,"column":6}},"15":{"start":{"line":89,"column":4},"end":{"line":99,"column":5}},"16":{"start":{"line":90,"column":26},"end":{"line":90,"column":63}},"17":{"start":{"line":91,"column":6},"end":{"line":93,"column":7}},"18":{"start":{"line":92,"column":8},"end":{"line":92,"column":21}},"19":{"start":{"line":95,"column":24},"end":{"line":95,"column":61}},"20":{"start":{"line":96,"column":6},"end":{"line":96,"column":24}},"21":{"start":{"line":98,"column":6},"end":{"line":98,"column":19}},"22":{"start":{"line":106,"column":4},"end":{"line":124,"column":5}},"23":{"start":{"line":107,"column":26},"end":{"line":107,"column":63}},"24":{"start":{"line":109,"column":6},"end":{"line":111,"column":7}},"25":{"start":{"line":110,"column":8},"end":{"line":110,"column":20}},"26":{"start":{"line":113,"column":24},"end":{"line":113,"column":61}},"27":{"start":{"line":115,"column":6},"end":{"line":119,"column":7}},"28":{"start":{"line":117,"column":8},"end":{"line":117,"column":28}},"29":{"start":{"line":118,"column":8},"end":{"line":118,"column":20}},"30":{"start":{"line":121,"column":6},"end":{"line":121,"column":25}},"31":{"start":{"line":123,"column":6},"end":{"line":123,"column":18}},"32":{"start":{"line":131,"column":4},"end":{"line":131,"column":43}},"33":{"start":{"line":138,"column":4},"end":{"line":138,"column":50}},"34":{"start":{"line":145,"column":4},"end":{"line":145,"column":23}}},"fnMap":{"0":{"name":"(anonymous_0)","decl":{"start":{"line":25,"column":2},"end":{"line":25,"column":3}},"loc":{"start":{"line":25,"column":47},"end":{"line":41,"column":3}},"line":25},"1":{"name":"(anonymous_1)","decl":{"start":{"line":46,"column":2},"end":{"line":46,"column":3}},"loc":{"start":{"line":46,"column":74},"end":{"line":57,"column":3}},"line":46},"2":{"name":"(anonymous_2)","decl":{"start":{"line":50,"column":35},"end":{"line":50,"column":36}},"loc":{"start":{"line":50,"column":53},"end":{"line":54,"column":5}},"line":50},"3":{"name":"(anonymous_3)","decl":{"start":{"line":63,"column":2},"end":{"line":63,"column":3}},"loc":{"start":{"line":65,"column":45},"end":{"line":67,"column":3}},"line":65},"4":{"name":"(anonymous_4)","decl":{"start":{"line":73,"column":2},"end":{"line":73,"column":3}},"loc":{"start":{"line":73,"column":50},"end":{"line":83,"column":3}},"line":73},"5":{"name":"(anonymous_5)","decl":{"start":{"line":88,"column":2},"end":{"line":88,"column":3}},"loc":{"start":{"line":88,"column":44},"end":{"line":100,"column":3}},"line":88},"6":{"name":"(anonymous_6)","decl":{"start":{"line":105,"column":2},"end":{"line":105,"column":3}},"loc":{"start":{"line":105,"column":49},"end":{"line":125,"column":3}},"line":105},"7":{"name":"(anonymous_7)","decl":{"start":{"line":130,"column":2},"end":{"line":130,"column":3}},"loc":{"start":{"line":130,"column":40},"end":{"line":132,"column":3}},"line":130},"8":{"name":"(anonymous_8)","decl":{"start":{"line":137,"column":2},"end":{"line":137,"column":3}},"loc":{"start":{"line":137,"column":32},"end":{"line":139,"column":3}},"line":137},"9":{"name":"(anonymous_9)","decl":{"start":{"line":144,"column":2},"end":{"line":144,"column":3}},"loc":{"start":{"line":144,"column":31},"end":{"line":146,"column":3}},"line":144}},"branchMap":{"0":{"loc":{"start":{"line":39,"column":18},"end":{"line":39,"column":65}},"type":"binary-expr","locations":[{"start":{"line":39,"column":18},"end":{"line":39,"column":39}},{"start":{"line":39,"column":43},"end":{"line":39,"column":65}}],"line":39},"1":{"loc":{"start":{"line":51,"column":6},"end":{"line":53,"column":7}},"type":"if","locations":[{"start":{"line":51,"column":6},"end":{"line":53,"column":7}},{"start":{},"end":{}}],"line":51},"2":{"loc":{"start":{"line":51,"column":10},"end":{"line":51,"column":47}},"type":"binary-expr","locations":[{"start":{"line":51,"column":10},"end":{"line":51,"column":24}},{"start":{"line":51,"column":28},"end":{"line":51,"column":47}}],"line":51},"3":{"loc":{"start":{"line":91,"column":6},"end":{"line":93,"column":7}},"type":"if","locations":[{"start":{"line":91,"column":6},"end":{"line":93,"column":7}},{"start":{},"end":{}}],"line":91},"4":{"loc":{"start":{"line":109,"column":6},"end":{"line":111,"column":7}},"type":"if","locations":[{"start":{"line":109,"column":6},"end":{"line":111,"column":7}},{"start":{},"end":{}}],"line":109},"5":{"loc":{"start":{"line":115,"column":6},"end":{"line":119,"column":7}},"type":"if","locations":[{"start":{"line":115,"column":6},"end":{"line":119,"column":7}},{"start":{},"end":{}}],"line":115}},"s":{"0":34,"1":34,"2":34,"3":34,"4":34,"5":34,"6":5,"7":5,"8":11,"9":10,"10":5,"11":5,"12":6,"13":5,"14":4,"15":8,"16":8,"17":8,"18":3,"19":5,"20":5,"21":0,"22":4,"23":4,"24":4,"25":0,"26":4,"27":4,"28":2,"29":2,"30":2,"31":0,"32":0,"33":5,"34":0},"f":{"0":34,"1":5,"2":11,"3":5,"4":6,"5":8,"6":4,"7":0,"8":5,"9":0},"b":{"0":[34,34],"1":[10,1],"2":[11,11],"3":[3,5],"4":[0,4],"5":[2,2]},"_coverageSchema":"1a1c01bbd47fc00a2c39e90264f33305004495a9","hash":"93b44904026f8729fc471e9659f7f9a7e49f8de5"}
,"/home/iampersistent/code/zestic/oauth-expo/src/adapters/ExpoHttpAdapter.ts": {"path":"/home/iampersistent/code/zestic/oauth-expo/src/adapters/ExpoHttpAdapter.ts","statementMap":{"0":{"start":{"line":13,"column":4},"end":{"line":13,"column":56}},"1":{"start":{"line":20,"column":4},"end":{"line":20,"column":60}},"2":{"start":{"line":29,"column":4},"end":{"line":85,"column":5}},"3":{"start":{"line":30,"column":53},"end":{"line":33,"column":7}},"4":{"start":{"line":35,"column":29},"end":{"line":38,"column":7}},"5":{"start":{"line":40,"column":42},"end":{"line":43,"column":7}},"6":{"start":{"line":45,"column":6},"end":{"line":60,"column":7}},"7":{"start":{"line":46,"column":8},"end":{"line":59,"column":9}},"8":{"start":{"line":50,"column":27},"end":{"line":50,"column":48}},"9":{"start":{"line":51,"column":10},"end":{"line":55,"column":13}},"10":{"start":{"line":52,"column":12},"end":{"line":54,"column":13}},"11":{"start":{"line":53,"column":14},"end":{"line":53,"column":50}},"12":{"start":{"line":56,"column":10},"end":{"line":56,"column":52}},"13":{"start":{"line":58,"column":10},"end":{"line":58,"column":53}},"14":{"start":{"line":62,"column":23},"end":{"line":62,"column":55}},"15":{"start":{"line":64,"column":54},"end":{"line":64,"column":56}},"16":{"start":{"line":65,"column":6},"end":{"line":67,"column":9}},"17":{"start":{"line":66,"column":8},"end":{"line":66,"column":37}},"18":{"start":{"line":70,"column":26},"end":{"line":70,"column":62}},"19":{"start":{"line":72,"column":6},"end":{"line":76,"column":7}},"20":{"start":{"line":73,"column":8},"end":{"line":73,"column":45}},"21":{"start":{"line":75,"column":8},"end":{"line":75,"column":45}},"22":{"start":{"line":78,"column":6},"end":{"line":82,"column":8}},"23":{"start":{"line":84,"column":6},"end":{"line":84,"column":58}}},"fnMap":{"0":{"name":"(anonymous_0)","decl":{"start":{"line":8,"column":2},"end":{"line":8,"column":3}},"loc":{"start":{"line":12,"column":27},"end":{"line":14,"column":3}},"line":12},"1":{"name":"(anonymous_1)","decl":{"start":{"line":16,"column":2},"end":{"line":16,"column":3}},"loc":{"start":{"line":19,"column":27},"end":{"line":21,"column":3}},"line":19},"2":{"name":"(anonymous_2)","decl":{"start":{"line":23,"column":2},"end":{"line":23,"column":3}},"loc":{"start":{"line":28,"column":27},"end":{"line":86,"column":3}},"line":28},"3":{"name":"(anonymous_3)","decl":{"start":{"line":51,"column":39},"end":{"line":51,"column":40}},"loc":{"start":{"line":51,"column":57},"end":{"line":55,"column":11}},"line":51},"4":{"name":"(anonymous_4)","decl":{"start":{"line":65,"column":31},"end":{"line":65,"column":32}},"loc":{"start":{"line":65,"column":47},"end":{"line":67,"column":7}},"line":65}},"branchMap":{"0":{"loc":{"start":{"line":45,"column":6},"end":{"line":60,"column":7}},"type":"if","locations":[{"start":{"line":45,"column":6},"end":{"line":60,"column":7}},{"start":{},"end":{}}],"line":45},"1":{"loc":{"start":{"line":45,"column":10},"end":{"line":45,"column":35}},"type":"binary-expr","locations":[{"start":{"line":45,"column":10},"end":{"line":45,"column":14}},{"start":{"line":45,"column":18},"end":{"line":45,"column":35}}],"line":45},"2":{"loc":{"start":{"line":46,"column":8},"end":{"line":59,"column":9}},"type":"if","locations":[{"start":{"line":46,"column":8},"end":{"line":59,"column":9}},{"start":{"line":57,"column":15},"end":{"line":59,"column":9}}],"line":46},"3":{"loc":{"start":{"line":52,"column":12},"end":{"line":54,"column":13}},"type":"if","locations":[{"start":{"line":52,"column":12},"end":{"line":54,"column":13}},{"start":{},"end":{}}],"line":52},"4":{"loc":{"start":{"line":52,"column":16},"end":{"line":52,"column":53}},"type":"binary-expr","locations":[{"start":{"line":52,"column":16},"end":{"line":52,"column":35}},{"start":{"line":52,"column":39},"end":{"line":52,"column":53}}],"line":52},"5":{"loc":{"start":{"line":72,"column":6},"end":{"line":76,"column":7}},"type":"if","locations":[{"start":{"line":72,"column":6},"end":{"line":76,"column":7}},{"start":{"line":74,"column":13},"end":{"line":76,"column":7}}],"line":72}},"s":{"0":9,"1":4,"2":13,"3":13,"4":13,"5":13,"6":13,"7":9,"8":3,"9":3,"10":11,"11":9,"12":3,"13":6,"14":13,"15":10,"16":10,"17":10,"18":10,"19":10,"20":9,"21":1,"22":10,"23":3},"f":{"0":9,"1":4,"2":13,"3":11,"4":10},"b":{"0":[9,4],"1":[13,9],"2":[3,6],"3":[9,2],"4":[11,10],"5":[9,1]},"_coverageSchema":"1a1c01bbd47fc00a2c39e90264f33305004495a9","hash":"cdfed70c20c680e83d32efe28206512f919e80c9"}
,"/home/iampersistent/code/zestic/oauth-expo/src/adapters/ExpoPKCEAdapter.ts": {"path":"/home/iampersistent/code/zestic/oauth-expo/src/adapters/ExpoPKCEAdapter.ts","statementMap":{"0":{"start":{"line":13,"column":25},"end":{"line":13,"column":55}},"1":{"start":{"line":14,"column":26},"end":{"line":14,"column":57}},"2":{"start":{"line":16,"column":4},"end":{"line":20,"column":6}},"3":{"start":{"line":27,"column":4},"end":{"line":27,"column":31}},"4":{"start":{"line":35,"column":6},"end":{"line":35,"column":74}},"5":{"start":{"line":36,"column":17},"end":{"line":36,"column":19}},"6":{"start":{"line":37,"column":4},"end":{"line":39,"column":5}},"7":{"start":{"line":37,"column":17},"end":{"line":37,"column":18}},"8":{"start":{"line":38,"column":6},"end":{"line":38,"column":75}},"9":{"start":{"line":40,"column":4},"end":{"line":40,"column":18}},"10":{"start":{"line":47,"column":17},"end":{"line":51,"column":5}},"11":{"start":{"line":53,"column":4},"end":{"line":53,"column":76}}},"fnMap":{"0":{"name":"(anonymous_0)","decl":{"start":{"line":12,"column":2},"end":{"line":12,"column":3}},"loc":{"start":{"line":12,"column":56},"end":{"line":21,"column":3}},"line":12},"1":{"name":"(anonymous_1)","decl":{"start":{"line":26,"column":2},"end":{"line":26,"column":3}},"loc":{"start":{"line":26,"column":41},"end":{"line":28,"column":3}},"line":26},"2":{"name":"(anonymous_2)","decl":{"start":{"line":33,"column":2},"end":{"line":33,"column":3}},"loc":{"start":{"line":33,"column":55},"end":{"line":41,"column":3}},"line":33},"3":{"name":"(anonymous_3)","decl":{"start":{"line":46,"column":2},"end":{"line":46,"column":3}},"loc":{"start":{"line":46,"column":55},"end":{"line":54,"column":3}},"line":46}},"branchMap":{},"s":{"0":17,"1":17,"2":15,"3":9,"4":17,"5":17,"6":17,"7":17,"8":2176,"9":17,"10":17,"11":15},"f":{"0":17,"1":9,"2":17,"3":17},"b":{},"_coverageSchema":"1a1c01bbd47fc00a2c39e90264f33305004495a9","hash":"cface204eaa34c65f3280c8e7aec866e10908d9c"}
,"/home/iampersistent/code/zestic/oauth-expo/src/adapters/ExpoStorageAdapter.ts": {"path":"/home/iampersistent/code/zestic/oauth-expo/src/adapters/ExpoStorageAdapter.ts","statementMap":{"0":{"start":{"line":10,"column":4},"end":{"line":14,"column":5}},"1":{"start":{"line":11,"column":6},"end":{"line":11,"column":45}},"2":{"start":{"line":13,"column":6},"end":{"line":13,"column":74}},"3":{"start":{"line":18,"column":4},"end":{"line":22,"column":5}},"4":{"start":{"line":19,"column":6},"end":{"line":19,"column":45}},"5":{"start":{"line":21,"column":6},"end":{"line":21,"column":77}},"6":{"start":{"line":26,"column":4},"end":{"line":30,"column":5}},"7":{"start":{"line":27,"column":6},"end":{"line":27,"column":41}},"8":{"start":{"line":29,"column":6},"end":{"line":29,"column":75}},"9":{"start":{"line":34,"column":4},"end":{"line":40,"column":5}},"10":{"start":{"line":35,"column":6},"end":{"line":35,"column":43}},"11":{"start":{"line":37,"column":6},"end":{"line":39,"column":8}},"12":{"start":{"line":49,"column":22},"end":{"line":59,"column":5}},"13":{"start":{"line":61,"column":4},"end":{"line":61,"column":38}},"14":{"start":{"line":73,"column":4},"end":{"line":73,"column":59}},"15":{"start":{"line":75,"column":4},"end":{"line":77,"column":5}},"16":{"start":{"line":76,"column":6},"end":{"line":76,"column":63}},"17":{"start":{"line":79,"column":4},"end":{"line":82,"column":5}},"18":{"start":{"line":80,"column":24},"end":{"line":80,"column":60}},"19":{"start":{"line":81,"column":6},"end":{"line":81,"column":63}},"20":{"start":{"line":85,"column":4},"end":{"line":85,"column":47}},"21":{"start":{"line":99,"column":6},"end":{"line":104,"column":8}},"22":{"start":{"line":106,"column":22},"end":{"line":106,"column":70}},"23":{"start":{"line":108,"column":4},"end":{"line":113,"column":6}},"24":{"start":{"line":121,"column":4},"end":{"line":123,"column":5}},"25":{"start":{"line":122,"column":6},"end":{"line":122,"column":37}},"26":{"start":{"line":126,"column":25},"end":{"line":126,"column":59}},"27":{"start":{"line":127,"column":4},"end":{"line":129,"column":5}},"28":{"start":{"line":128,"column":6},"end":{"line":128,"column":18}},"29":{"start":{"line":131,"column":28},"end":{"line":131,"column":54}},"30":{"start":{"line":132,"column":4},"end":{"line":132,"column":41}}},"fnMap":{"0":{"name":"(anonymous_0)","decl":{"start":{"line":9,"column":2},"end":{"line":9,"column":3}},"loc":{"start":{"line":9,"column":59},"end":{"line":15,"column":3}},"line":9},"1":{"name":"(anonymous_1)","decl":{"start":{"line":17,"column":2},"end":{"line":17,"column":3}},"loc":{"start":{"line":17,"column":53},"end":{"line":23,"column":3}},"line":17},"2":{"name":"(anonymous_2)","decl":{"start":{"line":25,"column":2},"end":{"line":25,"column":3}},"loc":{"start":{"line":25,"column":47},"end":{"line":31,"column":3}},"line":25},"3":{"name":"(anonymous_3)","decl":{"start":{"line":33,"column":2},"end":{"line":33,"column":3}},"loc":{"start":{"line":33,"column":51},"end":{"line":41,"column":3}},"line":33},"4":{"name":"(anonymous_4)","decl":{"start":{"line":47,"column":2},"end":{"line":47,"column":3}},"loc":{"start":{"line":47,"column":43},"end":{"line":62,"column":3}},"line":47},"5":{"name":"(anonymous_5)","decl":{"start":{"line":67,"column":2},"end":{"line":67,"column":3}},"loc":{"start":{"line":71,"column":20},"end":{"line":86,"column":3}},"line":71},"6":{"name":"(anonymous_6)","decl":{"start":{"line":91,"column":2},"end":{"line":91,"column":3}},"loc":{"start":{"line":96,"column":5},"end":{"line":114,"column":3}},"line":96},"7":{"name":"(anonymous_7)","decl":{"start":{"line":119,"column":2},"end":{"line":119,"column":3}},"loc":{"start":{"line":119,"column":68},"end":{"line":133,"column":3}},"line":119}},"branchMap":{"0":{"loc":{"start":{"line":75,"column":4},"end":{"line":77,"column":5}},"type":"if","locations":[{"start":{"line":75,"column":4},"end":{"line":77,"column":5}},{"start":{},"end":{}}],"line":75},"1":{"loc":{"start":{"line":79,"column":4},"end":{"line":82,"column":5}},"type":"if","locations":[{"start":{"line":79,"column":4},"end":{"line":82,"column":5}},{"start":{},"end":{}}],"line":79},"2":{"loc":{"start":{"line":106,"column":22},"end":{"line":106,"column":70}},"type":"cond-expr","locations":[{"start":{"line":106,"column":37},"end":{"line":106,"column":63}},{"start":{"line":106,"column":66},"end":{"line":106,"column":70}}],"line":106},"3":{"loc":{"start":{"line":112,"column":17},"end":{"line":112,"column":39}},"type":"binary-expr","locations":[{"start":{"line":112,"column":17},"end":{"line":112,"column":26}},{"start":{"line":112,"column":30},"end":{"line":112,"column":39}}],"line":112},"4":{"loc":{"start":{"line":121,"column":4},"end":{"line":123,"column":5}},"type":"if","locations":[{"start":{"line":121,"column":4},"end":{"line":123,"column":5}},{"start":{},"end":{}}],"line":121},"5":{"loc":{"start":{"line":121,"column":8},"end":{"line":121,"column":53}},"type":"binary-expr","locations":[{"start":{"line":121,"column":8},"end":{"line":121,"column":31}},{"start":{"line":121,"column":35},"end":{"line":121,"column":53}}],"line":121},"6":{"loc":{"start":{"line":127,"column":4},"end":{"line":129,"column":5}},"type":"if","locations":[{"start":{"line":127,"column":4},"end":{"line":129,"column":5}},{"start":{},"end":{}}],"line":127}},"s":{"0":58,"1":58,"2":2,"3":44,"4":44,"5":1,"6":2,"7":2,"8":1,"9":20,"10":20,"11":1,"12":16,"13":16,"14":8,"15":8,"16":4,"17":8,"18":5,"19":5,"20":8,"21":5,"22":5,"23":5,"24":4,"25":0,"26":4,"27":4,"28":1,"29":3,"30":3},"f":{"0":58,"1":44,"2":2,"3":20,"4":16,"5":8,"6":5,"7":4},"b":{"0":[4,4],"1":[5,3],"2":[2,3],"3":[5,3],"4":[0,4],"5":[4,0],"6":[1,3]},"_coverageSchema":"1a1c01bbd47fc00a2c39e90264f33305004495a9","hash":"d97f0d42e2442fe65f4dceae4f78cc2907e4281f"}
,"/home/iampersistent/code/zestic/oauth-expo/src/components/OAuthCallbackScreen.tsx": {"path":"/home/iampersistent/code/zestic/oauth-expo/src/components/OAuthCallbackScreen.tsx","statementMap":{"0":{"start":{"line":95,"column":23},"end":{"line":95,"column":67}},"1":{"start":{"line":97,"column":37},"end":{"line":101,"column":4}},"2":{"start":{"line":104,"column":2},"end":{"line":113,"column":55}},"3":{"start":{"line":105,"column":4},"end":{"line":111,"column":5}},"4":{"start":{"line":106,"column":20},"end":{"line":108,"column":23}},"5":{"start":{"line":110,"column":6},"end":{"line":110,"column":39}},"6":{"start":{"line":110,"column":19},"end":{"line":110,"column":38}},"7":{"start":{"line":112,"column":4},"end":{"line":112,"column":21}},"8":{"start":{"line":115,"column":22},"end":{"line":121,"column":3}},"9":{"start":{"line":116,"column":4},"end":{"line":120,"column":5}},"10":{"start":{"line":117,"column":6},"end":{"line":117,"column":16}},"11":{"start":{"line":119,"column":6},"end":{"line":119,"column":14}},"12":{"start":{"line":123,"column":27},"end":{"line":136,"column":3}},"13":{"start":{"line":124,"column":4},"end":{"line":135,"column":5}},"14":{"start":{"line":126,"column":8},"end":{"line":128,"column":10}},"15":{"start":{"line":130,"column":8},"end":{"line":130,"column":76}},"16":{"start":{"line":132,"column":8},"end":{"line":132,"column":42}},"17":{"start":{"line":134,"column":8},"end":{"line":134,"column":23}},"18":{"start":{"line":138,"column":24},"end":{"line":179,"column":3}},"19":{"start":{"line":139,"column":29},"end":{"line":139,"column":78}},"20":{"start":{"line":140,"column":24},"end":{"line":140,"column":47}},"21":{"start":{"line":141,"column":22},"end":{"line":141,"column":43}},"22":{"start":{"line":143,"column":4},"end":{"line":178,"column":5}},"23":{"start":{"line":145,"column":8},"end":{"line":147,"column":10}},"24":{"start":{"line":149,"column":8},"end":{"line":161,"column":10}},"25":{"start":{"line":163,"column":8},"end":{"line":175,"column":10}},"26":{"start":{"line":177,"column":8},"end":{"line":177,"column":20}},"27":{"start":{"line":181,"column":20},"end":{"line":181,"column":49}},"28":{"start":{"line":182,"column":16},"end":{"line":182,"column":41}},"29":{"start":{"line":183,"column":18},"end":{"line":183,"column":45}},"30":{"start":{"line":184,"column":17},"end":{"line":184,"column":55}},"31":{"start":{"line":186,"column":2},"end":{"line":228,"column":4}},"32":{"start":{"line":243,"column":2},"end":{"line":243,"column":65}},"33":{"start":{"line":245,"column":2},"end":{"line":250,"column":4}},"34":{"start":{"line":253,"column":22},"end":{"line":265,"column":2}},"35":{"start":{"line":270,"column":60},"end":{"line":444,"column":1}},"36":{"start":{"line":455,"column":22},"end":{"line":455,"column":63}},"37":{"start":{"line":458,"column":21},"end":{"line":491,"column":3}},"38":{"start":{"line":494,"column":2},"end":{"line":599,"column":3}},"39":{"start":{"line":496,"column":6},"end":{"line":516,"column":8}},"40":{"start":{"line":519,"column":6},"end":{"line":546,"column":8}},"41":{"start":{"line":549,"column":6},"end":{"line":574,"column":8}},"42":{"start":{"line":578,"column":6},"end":{"line":598,"column":8}}},"fnMap":{"0":{"name":"OAuthCallbackScreen","decl":{"start":{"line":76,"column":16},"end":{"line":76,"column":35}},"loc":{"start":{"line":93,"column":29},"end":{"line":229,"column":1}},"line":93},"1":{"name":"(anonymous_1)","decl":{"start":{"line":104,"column":12},"end":{"line":104,"column":13}},"loc":{"start":{"line":104,"column":18},"end":{"line":113,"column":3}},"line":104},"2":{"name":"(anonymous_2)","decl":{"start":{"line":106,"column":31},"end":{"line":106,"column":32}},"loc":{"start":{"line":106,"column":37},"end":{"line":108,"column":7}},"line":106},"3":{"name":"(anonymous_3)","decl":{"start":{"line":110,"column":13},"end":{"line":110,"column":14}},"loc":{"start":{"line":110,"column":19},"end":{"line":110,"column":38}},"line":110},"4":{"name":"(anonymous_4)","decl":{"start":{"line":115,"column":22},"end":{"line":115,"column":23}},"loc":{"start":{"line":115,"column":28},"end":{"line":121,"column":3}},"line":115},"5":{"name":"(anonymous_5)","decl":{"start":{"line":123,"column":27},"end":{"line":123,"column":28}},"loc":{"start":{"line":123,"column":33},"end":{"line":136,"column":3}},"line":123},"6":{"name":"(anonymous_6)","decl":{"start":{"line":138,"column":24},"end":{"line":138,"column":25}},"loc":{"start":{"line":138,"column":30},"end":{"line":179,"column":3}},"line":138},"7":{"name":"MinimalOAuthCallbackScreen","decl":{"start":{"line":234,"column":16},"end":{"line":234,"column":42}},"loc":{"start":{"line":242,"column":3},"end":{"line":251,"column":1}},"line":242},"8":{"name":"getThemedStyles","decl":{"start":{"line":449,"column":9},"end":{"line":449,"column":24}},"loc":{"start":{"line":453,"column":2},"end":{"line":600,"column":1}},"line":453}},"branchMap":{"0":{"loc":{"start":{"line":77,"column":2},"end":{"line":77,"column":13}},"type":"default-arg","locations":[{"start":{"line":77,"column":11},"end":{"line":77,"column":13}}],"line":77},"1":{"loc":{"start":{"line":86,"column":2},"end":{"line":86,"column":16}},"type":"default-arg","locations":[{"start":{"line":86,"column":10},"end":{"line":86,"column":16}}],"line":86},"2":{"loc":{"start":{"line":87,"column":2},"end":{"line":87,"column":24}},"type":"default-arg","locations":[{"start":{"line":87,"column":12},"end":{"line":87,"column":24}}],"line":87},"3":{"loc":{"start":{"line":91,"column":2},"end":{"line":91,"column":21}},"type":"default-arg","locations":[{"start":{"line":91,"column":17},"end":{"line":91,"column":21}}],"line":91},"4":{"loc":{"start":{"line":92,"column":2},"end":{"line":92,"column":22}},"type":"default-arg","locations":[{"start":{"line":92,"column":18},"end":{"line":92,"column":22}}],"line":92},"5":{"loc":{"start":{"line":105,"column":4},"end":{"line":111,"column":5}},"type":"if","locations":[{"start":{"line":105,"column":4},"end":{"line":111,"column":5}},{"start":{},"end":{}}],"line":105},"6":{"loc":{"start":{"line":105,"column":8},"end":{"line":105,"column":57}},"type":"binary-expr","locations":[{"start":{"line":105,"column":8},"end":{"line":105,"column":28}},{"start":{"line":105,"column":32},"end":{"line":105,"column":44}},{"start":{"line":105,"column":48},"end":{"line":105,"column":57}}],"line":105},"7":{"loc":{"start":{"line":116,"column":4},"end":{"line":120,"column":5}},"type":"if","locations":[{"start":{"line":116,"column":4},"end":{"line":120,"column":5}},{"start":{"line":118,"column":11},"end":{"line":120,"column":5}}],"line":116},"8":{"loc":{"start":{"line":124,"column":4},"end":{"line":135,"column":5}},"type":"switch","locations":[{"start":{"line":125,"column":6},"end":{"line":128,"column":10}},{"start":{"line":129,"column":6},"end":{"line":130,"column":76}},{"start":{"line":131,"column":6},"end":{"line":132,"column":42}},{"start":{"line":133,"column":6},"end":{"line":134,"column":23}}],"line":124},"9":{"loc":{"start":{"line":127,"column":10},"end":{"line":127,"column":75}},"type":"binary-expr","locations":[{"start":{"line":127,"column":10},"end":{"line":127,"column":30}},{"start":{"line":127,"column":34},"end":{"line":127,"column":41}},{"start":{"line":127,"column":45},"end":{"line":127,"column":75}}],"line":127},"10":{"loc":{"start":{"line":130,"column":15},"end":{"line":130,"column":75}},"type":"binary-expr","locations":[{"start":{"line":130,"column":15},"end":{"line":130,"column":32}},{"start":{"line":130,"column":36},"end":{"line":130,"column":43}},{"start":{"line":130,"column":47},"end":{"line":130,"column":75}}],"line":130},"11":{"loc":{"start":{"line":132,"column":15},"end":{"line":132,"column":41}},"type":"binary-expr","locations":[{"start":{"line":132,"column":15},"end":{"line":132,"column":30}},{"start":{"line":132,"column":34},"end":{"line":132,"column":41}}],"line":132},"12":{"loc":{"start":{"line":139,"column":29},"end":{"line":139,"column":78}},"type":"binary-expr","locations":[{"start":{"line":139,"column":29},"end":{"line":139,"column":57}},{"start":{"line":139,"column":61},"end":{"line":139,"column":78}}],"line":139},"13":{"loc":{"start":{"line":143,"column":4},"end":{"line":178,"column":5}},"type":"switch","locations":[{"start":{"line":144,"column":6},"end":{"line":147,"column":10}},{"start":{"line":148,"column":6},"end":{"line":161,"column":10}},{"start":{"line":162,"column":6},"end":{"line":175,"column":10}},{"start":{"line":176,"column":6},"end":{"line":177,"column":20}}],"line":143},"14":{"loc":{"start":{"line":149,"column":15},"end":{"line":161,"column":9}},"type":"cond-expr","locations":[{"start":{"line":150,"column":10},"end":{"line":150,"column":25}},{"start":{"line":152,"column":10},"end":{"line":160,"column":17}}],"line":149},"15":{"loc":{"start":{"line":163,"column":15},"end":{"line":175,"column":9}},"type":"cond-expr","locations":[{"start":{"line":164,"column":10},"end":{"line":164,"column":23}},{"start":{"line":166,"column":10},"end":{"line":174,"column":17}}],"line":163},"16":{"loc":{"start":{"line":181,"column":20},"end":{"line":181,"column":49}},"type":"binary-expr","locations":[{"start":{"line":181,"column":20},"end":{"line":181,"column":41}},{"start":{"line":181,"column":45},"end":{"line":181,"column":49}}],"line":181},"17":{"loc":{"start":{"line":182,"column":16},"end":{"line":182,"column":41}},"type":"binary-expr","locations":[{"start":{"line":182,"column":16},"end":{"line":182,"column":33}},{"start":{"line":182,"column":37},"end":{"line":182,"column":41}}],"line":182},"18":{"loc":{"start":{"line":183,"column":18},"end":{"line":183,"column":45}},"type":"binary-expr","locations":[{"start":{"line":183,"column":18},"end":{"line":183,"column":37}},{"start":{"line":183,"column":41},"end":{"line":183,"column":45}}],"line":183},"19":{"loc":{"start":{"line":184,"column":17},"end":{"line":184,"column":55}},"type":"binary-expr","locations":[{"start":{"line":184,"column":17},"end":{"line":184,"column":35}},{"start":{"line":184,"column":39},"end":{"line":184,"column":55}}],"line":184},"20":{"loc":{"start":{"line":201,"column":11},"end":{"line":201,"column":57}},"type":"binary-expr","locations":[{"start":{"line":201,"column":11},"end":{"line":201,"column":34}},{"start":{"line":201,"column":38},"end":{"line":201,"column":57}}],"line":201},"21":{"loc":{"start":{"line":202,"column":11},"end":{"line":202,"column":45}},"type":"binary-expr","locations":[{"start":{"line":202,"column":11},"end":{"line":202,"column":31}},{"start":{"line":202,"column":35},"end":{"line":202,"column":45}}],"line":202},"22":{"loc":{"start":{"line":203,"column":11},"end":{"line":203,"column":56}},"type":"binary-expr","locations":[{"start":{"line":203,"column":11},"end":{"line":203,"column":29}},{"start":{"line":203,"column":33},"end":{"line":203,"column":56}}],"line":203},"23":{"loc":{"start":{"line":213,"column":9},"end":{"line":225,"column":9}},"type":"binary-expr","locations":[{"start":{"line":213,"column":9},"end":{"line":213,"column":27}},{"start":{"line":214,"column":10},"end":{"line":224,"column":19}}],"line":213},"24":{"loc":{"start":{"line":222,"column":15},"end":{"line":222,"column":51}},"type":"binary-expr","locations":[{"start":{"line":222,"column":15},"end":{"line":222,"column":36}},{"start":{"line":222,"column":40},"end":{"line":222,"column":51}}],"line":222},"25":{"loc":{"start":{"line":243,"column":19},"end":{"line":243,"column":31}},"type":"binary-expr","locations":[{"start":{"line":243,"column":19},"end":{"line":243,"column":25}},{"start":{"line":243,"column":29},"end":{"line":243,"column":31}}],"line":243},"26":{"loc":{"start":{"line":450,"column":2},"end":{"line":450,"column":28}},"type":"default-arg","locations":[{"start":{"line":450,"column":22},"end":{"line":450,"column":28}}],"line":450},"27":{"loc":{"start":{"line":451,"column":2},"end":{"line":451,"column":38}},"type":"default-arg","locations":[{"start":{"line":451,"column":26},"end":{"line":451,"column":38}}],"line":451},"28":{"loc":{"start":{"line":455,"column":22},"end":{"line":455,"column":63}},"type":"binary-expr","locations":[{"start":{"line":455,"column":22},"end":{"line":455,"column":39}},{"start":{"line":455,"column":43},"end":{"line":455,"column":63}}],"line":455},"29":{"loc":{"start":{"line":494,"column":2},"end":{"line":599,"column":3}},"type":"switch","locations":[{"start":{"line":495,"column":4},"end":{"line":516,"column":8}},{"start":{"line":518,"column":4},"end":{"line":546,"column":8}},{"start":{"line":548,"column":4},"end":{"line":574,"column":8}},{"start":{"line":576,"column":4},"end":{"line":576,"column":22}},{"start":{"line":577,"column":4},"end":{"line":598,"column":8}}],"line":494}},"s":{"0":16,"1":16,"2":16,"3":16,"4":3,"5":3,"6":3,"7":13,"8":16,"9":1,"10":0,"11":1,"12":16,"13":16,"14":5,"15":4,"16":7,"17":0,"18":16,"19":16,"20":16,"21":16,"22":16,"23":5,"24":4,"25":7,"26":0,"27":16,"28":16,"29":16,"30":16,"31":16,"32":0,"33":0,"34":2,"35":2,"36":16,"37":16,"38":16,"39":0,"40":0,"41":0,"42":16},"f":{"0":16,"1":16,"2":0,"3":3,"4":1,"5":16,"6":16,"7":0,"8":16},"b":{"0":[16],"1":[16],"2":[16],"3":[16],"4":[16],"5":[3,13],"6":[16,4,4],"7":[0,1],"8":[5,4,7,0],"9":[5,5,0],"10":[4,4,0],"11":[7,7],"12":[16,16],"13":[5,4,7,0],"14":[0,4],"15":[0,7],"16":[16,16],"17":[16,16],"18":[16,16],"19":[16,16],"20":[16,5],"21":[16,4],"22":[16,7],"23":[16,7],"24":[7,7],"25":[0,0],"26":[0],"27":[0],"28":[16,16],"29":[0,0,0,16,16]},"_coverageSchema":"1a1c01bbd47fc00a2c39e90264f33305004495a9","hash":"f4947d1da7655552eedd7cf20827bd2cd090a6cb"}
,"/home/iampersistent/code/zestic/oauth-expo/src/hooks/useOAuthCallback.ts": {"path":"/home/iampersistent/code/zestic/oauth-expo/src/hooks/useOAuthCallback.ts","statementMap":{"0":{"start":{"line":24,"column":30},"end":{"line":24,"column":65}},"1":{"start":{"line":25,"column":32},"end":{"line":25,"column":72}},"2":{"start":{"line":27,"column":25},"end":{"line":54,"column":31}},"3":{"start":{"line":28,"column":4},"end":{"line":53,"column":5}},"4":{"start":{"line":29,"column":6},"end":{"line":29,"column":30}},"5":{"start":{"line":30,"column":6},"end":{"line":30,"column":49}},"6":{"start":{"line":33,"column":22},"end":{"line":33,"column":50}},"7":{"start":{"line":36,"column":21},"end":{"line":36,"column":57}},"8":{"start":{"line":38,"column":6},"end":{"line":44,"column":7}},"9":{"start":{"line":39,"column":8},"end":{"line":39,"column":29}},"10":{"start":{"line":40,"column":8},"end":{"line":40,"column":48}},"11":{"start":{"line":41,"column":8},"end":{"line":41,"column":37}},"12":{"start":{"line":43,"column":8},"end":{"line":43,"column":71}},"13":{"start":{"line":46,"column":6},"end":{"line":46,"column":25}},"14":{"start":{"line":48,"column":8},"end":{"line":48,"column":73}},"15":{"start":{"line":49,"column":6},"end":{"line":49,"column":31}},"16":{"start":{"line":50,"column":6},"end":{"line":52,"column":8}},"17":{"start":{"line":56,"column":16},"end":{"line":58,"column":22}},"18":{"start":{"line":57,"column":4},"end":{"line":57,"column":21}},"19":{"start":{"line":61,"column":2},"end":{"line":65,"column":43}},"20":{"start":{"line":62,"column":4},"end":{"line":64,"column":5}},"21":{"start":{"line":63,"column":6},"end":{"line":63,"column":23}},"22":{"start":{"line":67,"column":2},"end":{"line":72,"column":4}}},"fnMap":{"0":{"name":"useOAuthCallback","decl":{"start":{"line":15,"column":16},"end":{"line":15,"column":32}},"loc":{"start":{"line":23,"column":26},"end":{"line":73,"column":1}},"line":23},"1":{"name":"(anonymous_1)","decl":{"start":{"line":27,"column":37},"end":{"line":27,"column":38}},"loc":{"start":{"line":27,"column":64},"end":{"line":54,"column":3}},"line":27},"2":{"name":"(anonymous_2)","decl":{"start":{"line":56,"column":28},"end":{"line":56,"column":29}},"loc":{"start":{"line":56,"column":34},"end":{"line":58,"column":3}},"line":56},"3":{"name":"(anonymous_3)","decl":{"start":{"line":61,"column":12},"end":{"line":61,"column":13}},"loc":{"start":{"line":61,"column":18},"end":{"line":65,"column":3}},"line":61}},"branchMap":{"0":{"loc":{"start":{"line":38,"column":6},"end":{"line":44,"column":7}},"type":"if","locations":[{"start":{"line":38,"column":6},"end":{"line":44,"column":7}},{"start":{"line":42,"column":13},"end":{"line":44,"column":7}}],"line":38},"1":{"loc":{"start":{"line":43,"column":24},"end":{"line":43,"column":69}},"type":"binary-expr","locations":[{"start":{"line":43,"column":24},"end":{"line":43,"column":36}},{"start":{"line":43,"column":40},"end":{"line":43,"column":69}}],"line":43},"2":{"loc":{"start":{"line":48,"column":8},"end":{"line":48,"column":73}},"type":"cond-expr","locations":[{"start":{"line":48,"column":33},"end":{"line":48,"column":46}},{"start":{"line":48,"column":49},"end":{"line":48,"column":73}}],"line":48},"3":{"loc":{"start":{"line":51,"column":8},"end":{"line":51,"column":64}},"type":"cond-expr","locations":[{"start":{"line":51,"column":33},"end":{"line":51,"column":38}},{"start":{"line":51,"column":41},"end":{"line":51,"column":64}}],"line":51},"4":{"loc":{"start":{"line":62,"column":4},"end":{"line":64,"column":5}},"type":"if","locations":[{"start":{"line":62,"column":4},"end":{"line":64,"column":5}},{"start":{},"end":{}}],"line":62}},"s":{"0":21,"1":21,"2":21,"3":10,"4":10,"5":10,"6":10,"7":10,"8":7,"9":4,"10":4,"11":4,"12":3,"13":6,"14":6,"15":6,"16":6,"17":21,"18":1,"19":21,"20":10,"21":9,"22":21},"f":{"0":21,"1":10,"2":1,"3":10},"b":{"0":[4,3],"1":[3,0],"2":[6,0],"3":[0,0],"4":[9,1]},"_coverageSchema":"1a1c01bbd47fc00a2c39e90264f33305004495a9","hash":"f012997ca5b501ddc8554e800bdac9073eb9f34f"}
,"/home/iampersistent/code/zestic/oauth-expo/src/hooks/useOAuthConfig.ts": {"path":"/home/iampersistent/code/zestic/oauth-expo/src/hooks/useOAuthConfig.ts","statementMap":{"0":{"start":{"line":49,"column":17},"end":{"line":71,"column":4}},"1":{"start":{"line":50,"column":4},"end":{"line":61,"column":6}},"2":{"start":{"line":73,"column":26},"end":{"line":108,"column":4}},"3":{"start":{"line":74,"column":4},"end":{"line":101,"column":6}},"4":{"start":{"line":75,"column":34},"end":{"line":75,"column":61}},"5":{"start":{"line":76,"column":26},"end":{"line":76,"column":47}},"6":{"start":{"line":79,"column":28},"end":{"line":79,"column":69}},"7":{"start":{"line":80,"column":20},"end":{"line":80,"column":53}},"8":{"start":{"line":83,"column":21},"end":{"line":92,"column":8}},"9":{"start":{"line":94,"column":22},"end":{"line":94,"column":78}},"10":{"start":{"line":96,"column":6},"end":{"line":100,"column":8}},"11":{"start":{"line":110,"column":2},"end":{"line":114,"column":4}},"12":{"start":{"line":126,"column":17},"end":{"line":159,"column":55}},"13":{"start":{"line":128,"column":21},"end":{"line":128,"column":59}},"14":{"start":{"line":129,"column":20},"end":{"line":129,"column":63}},"15":{"start":{"line":131,"column":4},"end":{"line":136,"column":5}},"16":{"start":{"line":132,"column":6},"end":{"line":134,"column":8}},"17":{"start":{"line":135,"column":6},"end":{"line":135,"column":18}},"18":{"start":{"line":139,"column":24},"end":{"line":142,"column":6}},"19":{"start":{"line":145,"column":22},"end":{"line":149,"column":5}},"20":{"start":{"line":151,"column":4},"end":{"line":158,"column":6}},"21":{"start":{"line":161,"column":2},"end":{"line":161,"column":16}},"22":{"start":{"line":172,"column":2},"end":{"line":210,"column":37}},"23":{"start":{"line":173,"column":4},"end":{"line":175,"column":5}},"24":{"start":{"line":174,"column":6},"end":{"line":174,"column":18}},"25":{"start":{"line":177,"column":4},"end":{"line":209,"column":6}},"26":{"start":{"line":182,"column":36},"end":{"line":182,"column":63}},"27":{"start":{"line":183,"column":28},"end":{"line":183,"column":49}},"28":{"start":{"line":186,"column":30},"end":{"line":186,"column":71}},"29":{"start":{"line":187,"column":22},"end":{"line":187,"column":55}},"30":{"start":{"line":190,"column":23},"end":{"line":199,"column":10}},"31":{"start":{"line":201,"column":24},"end":{"line":201,"column":80}},"32":{"start":{"line":203,"column":8},"end":{"line":207,"column":10}}},"fnMap":{"0":{"name":"useOAuthConfig","decl":{"start":{"line":46,"column":16},"end":{"line":46,"column":30}},"loc":{"start":{"line":48,"column":24},"end":{"line":115,"column":1}},"line":48},"1":{"name":"(anonymous_1)","decl":{"start":{"line":49,"column":25},"end":{"line":49,"column":26}},"loc":{"start":{"line":49,"column":48},"end":{"line":62,"column":3}},"line":49},"2":{"name":"(anonymous_2)","decl":{"start":{"line":73,"column":34},"end":{"line":73,"column":35}},"loc":{"start":{"line":73,"column":40},"end":{"line":102,"column":3}},"line":73},"3":{"name":"(anonymous_3)","decl":{"start":{"line":74,"column":11},"end":{"line":74,"column":12}},"loc":{"start":{"line":74,"column":23},"end":{"line":101,"column":5}},"line":74},"4":{"name":"useOAuthConfigFromEnv","decl":{"start":{"line":121,"column":16},"end":{"line":121,"column":37}},"loc":{"start":{"line":125,"column":27},"end":{"line":162,"column":1}},"line":125},"5":{"name":"(anonymous_5)","decl":{"start":{"line":126,"column":25},"end":{"line":126,"column":26}},"loc":{"start":{"line":126,"column":55},"end":{"line":159,"column":3}},"line":126},"6":{"name":"useOAuthAuthorizationUrl","decl":{"start":{"line":168,"column":16},"end":{"line":168,"column":40}},"loc":{"start":{"line":171,"column":2},"end":{"line":211,"column":1}},"line":171},"7":{"name":"(anonymous_7)","decl":{"start":{"line":172,"column":17},"end":{"line":172,"column":18}},"loc":{"start":{"line":172,"column":23},"end":{"line":210,"column":3}},"line":172},"8":{"name":"(anonymous_8)","decl":{"start":{"line":181,"column":23},"end":{"line":181,"column":24}},"loc":{"start":{"line":181,"column":35},"end":{"line":208,"column":7}},"line":181}},"branchMap":{"0":{"loc":{"start":{"line":55,"column":20},"end":{"line":55,"column":52}},"type":"binary-expr","locations":[{"start":{"line":55,"column":20},"end":{"line":55,"column":46}},{"start":{"line":55,"column":50},"end":{"line":55,"column":52}}],"line":55},"1":{"loc":{"start":{"line":58,"column":14},"end":{"line":58,"column":49}},"type":"binary-expr","locations":[{"start":{"line":58,"column":14},"end":{"line":58,"column":28}},{"start":{"line":58,"column":32},"end":{"line":58,"column":49}}],"line":58},"2":{"loc":{"start":{"line":59,"column":14},"end":{"line":59,"column":44}},"type":"binary-expr","locations":[{"start":{"line":59,"column":14},"end":{"line":59,"column":28}},{"start":{"line":59,"column":32},"end":{"line":59,"column":44}}],"line":59},"3":{"loc":{"start":{"line":60,"column":12},"end":{"line":60,"column":38}},"type":"binary-expr","locations":[{"start":{"line":60,"column":12},"end":{"line":60,"column":24}},{"start":{"line":60,"column":28},"end":{"line":60,"column":38}}],"line":60},"4":{"loc":{"start":{"line":87,"column":16},"end":{"line":87,"column":36}},"type":"binary-expr","locations":[{"start":{"line":87,"column":16},"end":{"line":87,"column":30}},{"start":{"line":87,"column":34},"end":{"line":87,"column":36}}],"line":87},"5":{"loc":{"start":{"line":131,"column":4},"end":{"line":136,"column":5}},"type":"if","locations":[{"start":{"line":131,"column":4},"end":{"line":136,"column":5}},{"start":{},"end":{}}],"line":131},"6":{"loc":{"start":{"line":131,"column":8},"end":{"line":131,"column":29}},"type":"binary-expr","locations":[{"start":{"line":131,"column":8},"end":{"line":131,"column":17}},{"start":{"line":131,"column":21},"end":{"line":131,"column":29}}],"line":131},"7":{"loc":{"start":{"line":141,"column":12},"end":{"line":141,"column":44}},"type":"binary-expr","locations":[{"start":{"line":141,"column":12},"end":{"line":141,"column":25}},{"start":{"line":141,"column":29},"end":{"line":141,"column":44}}],"line":141},"8":{"loc":{"start":{"line":155,"column":14},"end":{"line":155,"column":50}},"type":"binary-expr","locations":[{"start":{"line":155,"column":14},"end":{"line":155,"column":29}},{"start":{"line":155,"column":33},"end":{"line":155,"column":50}}],"line":155},"9":{"loc":{"start":{"line":156,"column":14},"end":{"line":156,"column":45}},"type":"binary-expr","locations":[{"start":{"line":156,"column":14},"end":{"line":156,"column":29}},{"start":{"line":156,"column":33},"end":{"line":156,"column":45}}],"line":156},"10":{"loc":{"start":{"line":157,"column":12},"end":{"line":157,"column":44}},"type":"binary-expr","locations":[{"start":{"line":157,"column":12},"end":{"line":157,"column":25}},{"start":{"line":157,"column":29},"end":{"line":157,"column":44}}],"line":157},"11":{"loc":{"start":{"line":173,"column":4},"end":{"line":175,"column":5}},"type":"if","locations":[{"start":{"line":173,"column":4},"end":{"line":175,"column":5}},{"start":{},"end":{}}],"line":173}},"s":{"0":11,"1":11,"2":11,"3":11,"4":6,"5":6,"6":6,"7":5,"8":4,"9":4,"10":4,"11":11,"12":0,"13":0,"14":0,"15":0,"16":0,"17":0,"18":0,"19":0,"20":0,"21":0,"22":0,"23":0,"24":0,"25":0,"26":0,"27":0,"28":0,"29":0,"30":0,"31":0,"32":0},"f":{"0":11,"1":11,"2":11,"3":6,"4":0,"5":0,"6":0,"7":0,"8":0},"b":{"0":[11,11],"1":[11,0],"2":[11,10],"3":[11,10],"4":[4,0],"5":[0,0],"6":[0,0],"7":[0,0],"8":[0,0],"9":[0,0],"10":[0,0],"11":[0,0]},"_coverageSchema":"1a1c01bbd47fc00a2c39e90264f33305004495a9","hash":"4aff42d5c8f2a416b5e84775800e09e6f6873238"}
}
