TN:
SF:src/ExpoOAuthAdapter.ts
FN:25,(anonymous_0)
FN:46,(anonymous_1)
FN:50,(anonymous_2)
FN:63,(anonymous_3)
FN:73,(anonymous_4)
FN:88,(anonymous_5)
FN:105,(anonymous_6)
FN:130,(anonymous_7)
FN:137,(anonymous_8)
FN:144,(anonymous_9)
FNF:10
FNH:8
FNDA:34,(anonymous_0)
FNDA:5,(anonymous_1)
FNDA:11,(anonymous_2)
FNDA:5,(anonymous_3)
FNDA:6,(anonymous_4)
FNDA:8,(anonymous_5)
FNDA:4,(anonymous_6)
FNDA:0,(anonymous_7)
FNDA:5,(anonymous_8)
FNDA:0,(anonymous_9)
DA:27,34
DA:28,34
DA:29,34
DA:31,34
DA:39,34
DA:40,34
DA:48,5
DA:50,5
DA:51,11
DA:52,10
DA:56,5
DA:66,5
DA:74,6
DA:75,5
DA:77,4
DA:89,8
DA:90,8
DA:91,8
DA:92,3
DA:95,5
DA:96,5
DA:98,0
DA:106,4
DA:107,4
DA:109,4
DA:110,0
DA:113,4
DA:115,4
DA:117,2
DA:118,2
DA:121,2
DA:123,0
DA:131,0
DA:138,5
DA:145,0
LF:35
LH:30
BRDA:39,0,0,34
BRDA:39,0,1,34
BRDA:51,1,0,10
BRDA:51,1,1,1
BRDA:51,2,0,11
BRDA:51,2,1,11
BRDA:91,3,0,3
BRDA:91,3,1,5
BRDA:109,4,0,0
BRDA:109,4,1,4
BRDA:115,5,0,2
BRDA:115,5,1,2
BRF:12
BRH:11
end_of_record
TN:
SF:src/adapters/ExpoHttpAdapter.ts
FN:8,(anonymous_0)
FN:16,(anonymous_1)
FN:23,(anonymous_2)
FN:51,(anonymous_3)
FN:65,(anonymous_4)
FNF:5
FNH:5
FNDA:9,(anonymous_0)
FNDA:4,(anonymous_1)
FNDA:13,(anonymous_2)
FNDA:11,(anonymous_3)
FNDA:10,(anonymous_4)
DA:13,9
DA:20,4
DA:29,13
DA:30,13
DA:35,13
DA:40,13
DA:45,13
DA:46,9
DA:50,3
DA:51,3
DA:52,11
DA:53,9
DA:56,3
DA:58,6
DA:62,13
DA:64,10
DA:65,10
DA:66,10
DA:70,10
DA:72,10
DA:73,9
DA:75,1
DA:78,10
DA:84,3
LF:24
LH:24
BRDA:45,0,0,9
BRDA:45,0,1,4
BRDA:45,1,0,13
BRDA:45,1,1,9
BRDA:46,2,0,3
BRDA:46,2,1,6
BRDA:52,3,0,9
BRDA:52,3,1,2
BRDA:52,4,0,11
BRDA:52,4,1,10
BRDA:72,5,0,9
BRDA:72,5,1,1
BRF:12
BRH:12
end_of_record
TN:
SF:src/adapters/ExpoPKCEAdapter.ts
FN:12,(anonymous_0)
FN:26,(anonymous_1)
FN:33,(anonymous_2)
FN:46,(anonymous_3)
FNF:4
FNH:4
FNDA:17,(anonymous_0)
FNDA:9,(anonymous_1)
FNDA:17,(anonymous_2)
FNDA:17,(anonymous_3)
DA:13,17
DA:14,17
DA:16,15
DA:27,9
DA:35,17
DA:36,17
DA:37,17
DA:38,2176
DA:40,17
DA:47,17
DA:53,15
LF:11
LH:11
BRF:0
BRH:0
end_of_record
TN:
SF:src/adapters/ExpoStorageAdapter.ts
FN:9,(anonymous_0)
FN:17,(anonymous_1)
FN:25,(anonymous_2)
FN:33,(anonymous_3)
FN:47,(anonymous_4)
FN:67,(anonymous_5)
FN:91,(anonymous_6)
FN:119,(anonymous_7)
FNF:8
FNH:8
FNDA:58,(anonymous_0)
FNDA:44,(anonymous_1)
FNDA:2,(anonymous_2)
FNDA:20,(anonymous_3)
FNDA:16,(anonymous_4)
FNDA:8,(anonymous_5)
FNDA:5,(anonymous_6)
FNDA:4,(anonymous_7)
DA:10,58
DA:11,58
DA:13,2
DA:18,44
DA:19,44
DA:21,1
DA:26,2
DA:27,2
DA:29,1
DA:34,20
DA:35,20
DA:37,1
DA:49,16
DA:61,16
DA:73,8
DA:75,8
DA:76,4
DA:79,8
DA:80,5
DA:81,5
DA:85,8
DA:99,5
DA:106,5
DA:108,5
DA:121,4
DA:122,0
DA:126,4
DA:127,4
DA:128,1
DA:131,3
DA:132,3
LF:31
LH:30
BRDA:75,0,0,4
BRDA:75,0,1,4
BRDA:79,1,0,5
BRDA:79,1,1,3
BRDA:106,2,0,2
BRDA:106,2,1,3
BRDA:112,3,0,5
BRDA:112,3,1,3
BRDA:121,4,0,0
BRDA:121,4,1,4
BRDA:121,5,0,4
BRDA:121,5,1,0
BRDA:127,6,0,1
BRDA:127,6,1,3
BRF:14
BRH:12
end_of_record
TN:
SF:src/components/OAuthCallbackScreen.tsx
FN:76,OAuthCallbackScreen
FN:104,(anonymous_1)
FN:106,(anonymous_2)
FN:110,(anonymous_3)
FN:115,(anonymous_4)
FN:123,(anonymous_5)
FN:138,(anonymous_6)
FN:234,MinimalOAuthCallbackScreen
FN:449,getThemedStyles
FNF:9
FNH:7
FNDA:16,OAuthCallbackScreen
FNDA:16,(anonymous_1)
FNDA:0,(anonymous_2)
FNDA:3,(anonymous_3)
FNDA:1,(anonymous_4)
FNDA:16,(anonymous_5)
FNDA:16,(anonymous_6)
FNDA:0,MinimalOAuthCallbackScreen
FNDA:16,getThemedStyles
DA:95,16
DA:97,16
DA:104,16
DA:105,16
DA:106,3
DA:110,3
DA:112,13
DA:115,16
DA:116,1
DA:117,0
DA:119,1
DA:123,16
DA:124,16
DA:126,5
DA:130,4
DA:132,7
DA:134,0
DA:138,16
DA:139,16
DA:140,16
DA:141,16
DA:143,16
DA:145,5
DA:149,4
DA:163,7
DA:177,0
DA:181,16
DA:182,16
DA:183,16
DA:184,16
DA:186,16
DA:243,0
DA:245,0
DA:253,2
DA:270,2
DA:455,16
DA:458,16
DA:494,16
DA:496,0
DA:519,0
DA:549,0
DA:578,16
LF:42
LH:34
BRDA:77,0,0,16
BRDA:86,1,0,16
BRDA:87,2,0,16
BRDA:91,3,0,16
BRDA:92,4,0,16
BRDA:105,5,0,3
BRDA:105,5,1,13
BRDA:105,6,0,16
BRDA:105,6,1,4
BRDA:105,6,2,4
BRDA:116,7,0,0
BRDA:116,7,1,1
BRDA:124,8,0,5
BRDA:124,8,1,4
BRDA:124,8,2,7
BRDA:124,8,3,0
BRDA:127,9,0,5
BRDA:127,9,1,5
BRDA:127,9,2,0
BRDA:130,10,0,4
BRDA:130,10,1,4
BRDA:130,10,2,0
BRDA:132,11,0,7
BRDA:132,11,1,7
BRDA:139,12,0,16
BRDA:139,12,1,16
BRDA:143,13,0,5
BRDA:143,13,1,4
BRDA:143,13,2,7
BRDA:143,13,3,0
BRDA:149,14,0,0
BRDA:149,14,1,4
BRDA:163,15,0,0
BRDA:163,15,1,7
BRDA:181,16,0,16
BRDA:181,16,1,16
BRDA:182,17,0,16
BRDA:182,17,1,16
BRDA:183,18,0,16
BRDA:183,18,1,16
BRDA:184,19,0,16
BRDA:184,19,1,16
BRDA:201,20,0,16
BRDA:201,20,1,5
BRDA:202,21,0,16
BRDA:202,21,1,4
BRDA:203,22,0,16
BRDA:203,22,1,7
BRDA:213,23,0,16
BRDA:213,23,1,7
BRDA:222,24,0,7
BRDA:222,24,1,7
BRDA:243,25,0,0
BRDA:243,25,1,0
BRDA:450,26,0,0
BRDA:451,27,0,0
BRDA:455,28,0,16
BRDA:455,28,1,16
BRDA:494,29,0,0
BRDA:494,29,1,0
BRDA:494,29,2,0
BRDA:494,29,3,16
BRDA:494,29,4,16
BRF:63
BRH:49
end_of_record
TN:
SF:src/hooks/useOAuthCallback.ts
FN:15,useOAuthCallback
FN:27,(anonymous_1)
FN:56,(anonymous_2)
FN:61,(anonymous_3)
FNF:4
FNH:4
FNDA:21,useOAuthCallback
FNDA:10,(anonymous_1)
FNDA:1,(anonymous_2)
FNDA:10,(anonymous_3)
DA:24,21
DA:25,21
DA:27,21
DA:28,10
DA:29,10
DA:30,10
DA:33,10
DA:36,10
DA:38,7
DA:39,4
DA:40,4
DA:41,4
DA:43,3
DA:46,6
DA:48,6
DA:49,6
DA:50,6
DA:56,21
DA:57,1
DA:61,21
DA:62,10
DA:63,9
DA:67,21
LF:23
LH:23
BRDA:38,0,0,4
BRDA:38,0,1,3
BRDA:43,1,0,3
BRDA:43,1,1,0
BRDA:48,2,0,6
BRDA:48,2,1,0
BRDA:51,3,0,0
BRDA:51,3,1,0
BRDA:62,4,0,9
BRDA:62,4,1,1
BRF:10
BRH:6
end_of_record
TN:
SF:src/hooks/useOAuthConfig.ts
FN:46,useOAuthConfig
FN:49,(anonymous_1)
FN:73,(anonymous_2)
FN:74,(anonymous_3)
FN:121,useOAuthConfigFromEnv
FN:126,(anonymous_5)
FN:168,useOAuthAuthorizationUrl
FN:172,(anonymous_7)
FN:181,(anonymous_8)
FNF:9
FNH:4
FNDA:11,useOAuthConfig
FNDA:11,(anonymous_1)
FNDA:11,(anonymous_2)
FNDA:6,(anonymous_3)
FNDA:0,useOAuthConfigFromEnv
FNDA:0,(anonymous_5)
FNDA:0,useOAuthAuthorizationUrl
FNDA:0,(anonymous_7)
FNDA:0,(anonymous_8)
DA:49,11
DA:50,11
DA:73,11
DA:74,11
DA:75,6
DA:76,6
DA:79,6
DA:80,5
DA:83,4
DA:94,4
DA:96,4
DA:110,11
DA:126,0
DA:128,0
DA:129,0
DA:131,0
DA:132,0
DA:135,0
DA:139,0
DA:145,0
DA:151,0
DA:161,0
DA:172,0
DA:173,0
DA:174,0
DA:177,0
DA:182,0
DA:183,0
DA:186,0
DA:187,0
DA:190,0
DA:201,0
DA:203,0
LF:33
LH:12
BRDA:55,0,0,11
BRDA:55,0,1,11
BRDA:58,1,0,11
BRDA:58,1,1,0
BRDA:59,2,0,11
BRDA:59,2,1,10
BRDA:60,3,0,11
BRDA:60,3,1,10
BRDA:87,4,0,4
BRDA:87,4,1,0
BRDA:131,5,0,0
BRDA:131,5,1,0
BRDA:131,6,0,0
BRDA:131,6,1,0
BRDA:141,7,0,0
BRDA:141,7,1,0
BRDA:155,8,0,0
BRDA:155,8,1,0
BRDA:156,9,0,0
BRDA:156,9,1,0
BRDA:157,10,0,0
BRDA:157,10,1,0
BRDA:173,11,0,0
BRDA:173,11,1,0
BRF:24
BRH:8
end_of_record
